
====== START ORIO: kali2022-11-30_05:42:02 ======

----- begin reading the source file: tables_orio.c -----
----- finished reading the source file -----

----- begin parsing annotations -----
----- finished parsing annotations -----

----- begin optimizations -----
Search_Space           = 3.200e+01
Number_of_Parameters   = 01
Numeric_Parameters     = 01
Binary_Parameters      = 00
Categorical_Parameters = 00
['UF']
[[1, 2, 3, 4, 5, 6, 7, 8, 9, 10, 11, 12, 13, 14, 15, 16, 17, 18, 19, 20, 21, 22, 23, 24, 25, 26, 27, 28, 29, 30, 31, 32]]

----- begin random search -----
Size of search space: 11
Unevaluated coordinates: 11
Unevaluated parameters: 11
.
 building the original code:
	gcc -O0  -DORIO_REPS=10 -DORIGINAL -o __orio_perftest_original.exe __orio_perftest1.c timer_cpu.o 
 building test:
	gcc -O0  -DORIO_REPS=10 -o __orio_perftest1.exe __orio_perftest1.c timer_cpu.o 
 running test:
	 ./__orio_perftest1.exe  
(run 1) | 2022-11-30 05:42:02.792139 | {"run": 1, "coordinate": [0], "perf_params": {"UF": 1}, "transform_time": 0.07421326637268066, "compile_time": 0.07384967803955078, "cost": [5.739e-06, 5.198e-06, 4.981e-06, 4.965e-06, 4.977e-06, 4.917e-06, 4.928e-06, 4.93e-06, 4.942e-06, 4.962e-06]}
>>>> best coordinate found: [0], cost: 5.053900e-06
.
 building test:
	gcc -O0  -DORIO_REPS=10 -o __orio_perftest2.exe __orio_perftest2.c timer_cpu.o 
 running test:
	 ./__orio_perftest2.exe  
(run 2) | 2022-11-30 05:42:03.004284 | {"run": 2, "coordinate": [24], "perf_params": {"UF": 25}, "transform_time": 0.11906981468200684, "compile_time": 0.08924555778503418, "cost": [6.507e-06, 5.767e-06, 5.557e-06, 5.538e-06, 5.57e-06, 5.493e-06, 5.473e-06, 5.454e-06, 5.52e-06, 5.492e-06]}
.
 building test:
	gcc -O0  -DORIO_REPS=10 -o __orio_perftest3.exe __orio_perftest3.c timer_cpu.o 
 running test:
	 ./__orio_perftest3.exe  
(run 3) | 2022-11-30 05:42:03.171594 | {"run": 3, "coordinate": [16], "perf_params": {"UF": 17}, "transform_time": 0.0830831527709961, "compile_time": 0.0809319019317627, "cost": [6.229e-06, 5.276e-06, 5.14e-06, 0.000100704, 5.245e-06, 5.068e-06, 5.129e-06, 5.105e-06, 5.062e-06, 5.136e-06]}
.
 building test:
	gcc -O0  -DORIO_REPS=10 -o __orio_perftest4.exe __orio_perftest4.c timer_cpu.o 
 running test:
	 ./__orio_perftest4.exe  
(run 4) | 2022-11-30 05:42:03.363775 | {"run": 4, "coordinate": [28], "perf_params": {"UF": 29}, "transform_time": 0.10243010520935059, "compile_time": 0.08578610420227051, "cost": [8.878e-06, 6.015e-06, 5.782e-06, 5.605e-06, 5.924e-06, 5.643e-06, 7.536e-06, 6.48e-06, 5.655e-06, 5.726e-06]}
.
 building test:
	gcc -O0  -DORIO_REPS=10 -o __orio_perftest5.exe __orio_perftest5.c timer_cpu.o 
 running test:
	 ./__orio_perftest5.exe  
(run 5) | 2022-11-30 05:42:03.513538 | {"run": 5, "coordinate": [4], "perf_params": {"UF": 5}, "transform_time": 0.06997084617614746, "compile_time": 0.07561731338500977, "cost": [5.676e-06, 2.423e-05, 4.596e-06, 4.616e-06, 4.586e-06, 4.602e-06, 4.609e-06, 4.588e-06, 4.596e-06, 4.633e-06]}
.
 building test:
	gcc -O0  -DORIO_REPS=10 -o __orio_perftest6.exe __orio_perftest6.c timer_cpu.o 
 running test:
	 ./__orio_perftest6.exe  
(run 6) | 2022-11-30 05:42:03.673232 | {"run": 6, "coordinate": [13], "perf_params": {"UF": 14}, "transform_time": 0.08143353462219238, "compile_time": 0.07496428489685059, "cost": [5.658e-06, 4.871e-06, 4.787e-06, 4.809e-06, 4.749e-06, 4.723e-06, 4.673e-06, 4.755e-06, 4.741e-06, 4.716e-06]}
>>>> best coordinate found: [13], cost: 4.848200e-06
.
 building test:
	gcc -O0  -DORIO_REPS=10 -o __orio_perftest7.exe __orio_perftest7.c timer_cpu.o 
 running test:
	 ./__orio_perftest7.exe  
(run 7) | 2022-11-30 05:42:03.836720 | {"run": 7, "coordinate": [6], "perf_params": {"UF": 7}, "transform_time": 0.07591629028320312, "compile_time": 0.08425331115722656, "cost": [6.136e-06, 4.915e-06, 4.744e-06, 4.742e-06, 4.687e-06, 4.706e-06, 4.702e-06, 4.726e-06, 4.691e-06, 4.726e-06]}
.
 building test:
	gcc -O0  -DORIO_REPS=10 -o __orio_perftest8.exe __orio_perftest8.c timer_cpu.o 
 running test:
	 ./__orio_perftest8.exe  
(run 8) | 2022-11-30 05:42:04.066714 | {"run": 8, "coordinate": [31], "perf_params": {"UF": 32}, "transform_time": 0.13576531410217285, "compile_time": 0.09059667587280273, "cost": [7.012e-06, 5.812e-06, 5.731e-06, 5.699e-06, 5.695e-06, 5.714e-06, 5.67e-06, 5.674e-06, 5.688e-06, 5.645e-06]}
.
 building test:
	gcc -O0  -DORIO_REPS=10 -o __orio_perftest9.exe __orio_perftest9.c timer_cpu.o 
 running test:
	 ./__orio_perftest9.exe  
(run 9) | 2022-11-30 05:42:04.221549 | {"run": 9, "coordinate": [7], "perf_params": {"UF": 8}, "transform_time": 0.07510757446289062, "compile_time": 0.07609295845031738, "cost": [5.921e-06, 4.917e-06, 4.681e-06, 4.666e-06, 4.659e-06, 4.639e-06, 4.638e-06, 4.651e-06, 4.659e-06, 4.622e-06]}
>>>> best coordinate found: [7], cost: 4.805300e-06
.
 building test:
	gcc -O0  -DORIO_REPS=10 -o __orio_perftest10.exe __orio_perftest10.c timer_cpu.o 
 running test:
	 ./__orio_perftest10.exe  
(run 10) | 2022-11-30 05:42:04.409239 | {"run": 10, "coordinate": [30], "perf_params": {"UF": 31}, "transform_time": 0.10302042961120605, "compile_time": 0.08158183097839355, "cost": [6.72e-06, 5.6e-06, 5.385e-06, 5.344e-06, 5.366e-06, 5.289e-06, 5.274e-06, 5.257e-06, 5.356e-06, 5.249e-06]}
Best performance = 4.8052999999999995e-06
Best coordinate = [7]
----- end random search -----
----- begin random search summary -----
 total completed runs: 10
 total successful runs: 10
 total failed runs: 0
 speedup: 1.0517345431086509
 found at: 9
----- end random search summary -----
----- begin summary -----
 best coordinate: [7]={'UF': 8}, cost=4.805300e-06, transfer_time=inf, inputs=[('N', 1000)], search_space=3.200e+01, search_time=1.84, runs=10
----- end summary -----

----- begin random search -----
Size of search space: 11
Unevaluated coordinates: 11
Unevaluated parameters: 11
.
 building test:
	gcc -O0  -DORIO_REPS=10 -o __orio_perftest11.exe __orio_perftest11.c timer_cpu.o 
 running test:
	 ./__orio_perftest11.exe  
(run 1) | 2022-11-30 05:42:05.398941 | {"run": 1, "coordinate": [0], "perf_params": {"UF": 1}, "transform_time": 0.059490203857421875, "compile_time": 0.06960654258728027, "cost": [0.0548625, 0.0570904, 0.0543801, 0.0575413, 0.0575872, 0.0531718, 0.0604653, 0.0551623, 0.0570543, 0.0477291]}
>>>> best coordinate found: [0], cost: 5.550443e-02
.
 building test:
	gcc -O0  -DORIO_REPS=10 -o __orio_perftest12.exe __orio_perftest12.c timer_cpu.o 
 running test:
	 ./__orio_perftest12.exe  
(run 2) | 2022-11-30 05:42:06.395178 | {"run": 2, "coordinate": [24], "perf_params": {"UF": 25}, "transform_time": 0.10938072204589844, "compile_time": 0.08600497245788574, "cost": [0.0663161, 0.0603565, 0.0614595, 0.0569052, 0.0569632, 0.0501103, 0.0520666, 0.0564949, 0.0588654, 0.0537478]}
.
 building test:
	gcc -O0  -DORIO_REPS=10 -o __orio_perftest13.exe __orio_perftest13.c timer_cpu.o 
 running test:
	 ./__orio_perftest13.exe  
(run 3) | 2022-11-30 05:42:07.285528 | {"run": 3, "coordinate": [16], "perf_params": {"UF": 17}, "transform_time": 0.07909750938415527, "compile_time": 0.07843184471130371, "cost": [0.0594458, 0.0532627, 0.0527196, 0.0532241, 0.0489979, 0.0518852, 0.0507822, 0.0470178, 0.0485667, 0.0503202]}
>>>> best coordinate found: [16], cost: 5.162222e-02
.
 building test:
	gcc -O0  -DORIO_REPS=10 -o __orio_perftest14.exe __orio_perftest14.c timer_cpu.o 
 running test:
	 ./__orio_perftest14.exe  
(run 4) | 2022-11-30 05:42:08.277871 | {"run": 4, "coordinate": [28], "perf_params": {"UF": 29}, "transform_time": 0.1065828800201416, "compile_time": 0.08159589767456055, "cost": [0.0603321, 0.0559364, 0.0615323, 0.0608152, 0.0572329, 0.0557363, 0.0584654, 0.0513929, 0.0536015, 0.0662915]}
.
 building test:
	gcc -O0  -DORIO_REPS=10 -o __orio_perftest15.exe __orio_perftest15.c timer_cpu.o 
 running test:
	 ./__orio_perftest15.exe  
(run 5) | 2022-11-30 05:42:09.165140 | {"run": 5, "coordinate": [4], "perf_params": {"UF": 5}, "transform_time": 0.07440400123596191, "compile_time": 0.06757807731628418, "cost": [0.0499349, 0.0483137, 0.0529828, 0.0537899, 0.048625, 0.0462663, 0.0484256, 0.0572558, 0.0563177, 0.0507795]}
>>>> best coordinate found: [4], cost: 5.126912e-02
.
 building test:
	gcc -O0  -DORIO_REPS=10 -o __orio_perftest16.exe __orio_perftest16.c timer_cpu.o 
 running test:
	 ./__orio_perftest16.exe  
(run 6) | 2022-11-30 05:42:10.076856 | {"run": 6, "coordinate": [13], "perf_params": {"UF": 14}, "transform_time": 0.08684325218200684, "compile_time": 0.07808637619018555, "cost": [0.0534712, 0.0516919, 0.0531408, 0.0485238, 0.0510568, 0.0580396, 0.0555819, 0.0512829, 0.0520559, 0.0490173]}
.
 building test:
	gcc -O0  -DORIO_REPS=10 -o __orio_perftest17.exe __orio_perftest17.c timer_cpu.o 
 running test:
	 ./__orio_perftest17.exe  
(run 7) | 2022-11-30 05:42:10.973287 | {"run": 7, "coordinate": [6], "perf_params": {"UF": 7}, "transform_time": 0.07634162902832031, "compile_time": 0.0696556568145752, "cost": [0.054689, 0.0501797, 0.0565946, 0.0555288, 0.0531443, 0.0510667, 0.0517144, 0.0544174, 0.0539283, 0.0482761]}
.
 building test:
	gcc -O0  -DORIO_REPS=10 -o __orio_perftest18.exe __orio_perftest18.c timer_cpu.o 
 running test:
	 ./__orio_perftest18.exe  
(run 8) | 2022-11-30 05:42:12.003186 | {"run": 8, "coordinate": [31], "perf_params": {"UF": 32}, "transform_time": 0.12387776374816895, "compile_time": 0.08453035354614258, "cost": [0.0574687, 0.057201, 0.065495, 0.0652352, 0.0605193, 0.0598395, 0.0623145, 0.0610979, 0.055267, 0.0533291]}
.
 building test:
	gcc -O0  -DORIO_REPS=10 -o __orio_perftest19.exe __orio_perftest19.c timer_cpu.o 
 running test:
	 ./__orio_perftest19.exe  
(run 9) | 2022-11-30 05:42:12.841354 | {"run": 9, "coordinate": [7], "perf_params": {"UF": 8}, "transform_time": 0.07722330093383789, "compile_time": 0.07007336616516113, "cost": [0.0563972, 0.0500825, 0.0499018, 0.0486496, 0.0483722, 0.0448996, 0.0440151, 0.0448312, 0.0447317, 0.0446354]}
>>>> best coordinate found: [7], cost: 4.765163e-02
.
 building test:
	gcc -O0  -DORIO_REPS=10 -o __orio_perftest20.exe __orio_perftest20.c timer_cpu.o 
 running test:
	 ./__orio_perftest20.exe  
(run 10) | 2022-11-30 05:42:13.780370 | {"run": 10, "coordinate": [30], "perf_params": {"UF": 31}, "transform_time": 0.09914946556091309, "compile_time": 0.08491396903991699, "cost": [0.0629311, 0.0556216, 0.0583855, 0.0558206, 0.052299, 0.0542153, 0.0543038, 0.0500754, 0.0497061, 0.0524381]}
Best performance = 0.04765163
Best coordinate = [7]
----- end random search -----
----- begin random search summary -----
 total completed runs: 10
 total successful runs: 10
 total failed runs: 0
 speedup: 1.164796041604453
 found at: 9
----- end random search summary -----
----- begin summary -----
 best coordinate: [7]={'UF': 8}, cost=4.765163e-02, transfer_time=inf, inputs=[('N', 10000000)], search_space=3.200e+01, search_time=9.30, runs=10
----- end summary -----
----- finish optimizations -----

----- begin writing the output file(s) -----
--> writing output to: _tables_orio.c
----- finished writing the output file(s) -----

====== END ORIO: kali2022-11-30_05:42:13 [output: _tables_orio.c, log: tuning_tables_orio.c_41385.log] ======
