
====== START ORIO: kali2022-11-30_05:24:03 ======

----- begin reading the source file: tables_orio.c -----
----- finished reading the source file -----

----- begin parsing annotations -----
----- finished parsing annotations -----

----- begin optimizations -----
Search_Space           = 3.200e+01
Number_of_Parameters   = 01
Numeric_Parameters     = 01
Binary_Parameters      = 00
Categorical_Parameters = 00
['UF']
[[1, 2, 3, 4, 5, 6, 7, 8, 9, 10, 11, 12, 13, 14, 15, 16, 17, 18, 19, 20, 21, 22, 23, 24, 25, 26, 27, 28, 29, 30, 31, 32]]

----- begin random search -----
Size of search space: 21
Unevaluated coordinates: 21
Unevaluated parameters: 21
.
 compiling timer:
	gcc -O0 -O0 -c -o timer_cpu.o timer_cpu.c
 building the original code:
	gcc -O0  -DORIO_REPS=10 -DORIGINAL -o __orio_perftest_original.exe __orio_perftest1.c timer_cpu.o 
 building test:
	gcc -O0  -DORIO_REPS=10 -o __orio_perftest1.exe __orio_perftest1.c timer_cpu.o 
 running test:
	 ./__orio_perftest1.exe  
(run 1) | 2022-11-30 05:24:03.461534 | {"run": 1, "coordinate": [0], "perf_params": {"UF": 1}, "transform_time": 0.06659984588623047, "compile_time": 0.06815314292907715, "cost": [4.706e-06, 4.386e-06, 4.148e-06, 4.175e-06, 4.142e-06, 4.158e-06, 4.166e-06, 4.168e-06, 4.161e-06, 4.146e-06]}
>>>> best coordinate found: [0], cost: 4.235600e-06
.
 building test:
	gcc -O0  -DORIO_REPS=10 -o __orio_perftest2.exe __orio_perftest2.c timer_cpu.o 
 running test:
	 ./__orio_perftest2.exe  
(run 2) | 2022-11-30 05:24:03.609756 | {"run": 2, "coordinate": [6], "perf_params": {"UF": 7}, "transform_time": 0.07752108573913574, "compile_time": 0.0678396224975586, "cost": [4.798e-06, 4.651e-06, 4.147e-06, 4.082e-06, 4.105e-06, 4.056e-06, 4.127e-06, 4.088e-06, 4.086e-06, 4.056e-06]}
>>>> best coordinate found: [6], cost: 4.219600e-06
.
 building test:
	gcc -O0  -DORIO_REPS=10 -o __orio_perftest3.exe __orio_perftest3.c timer_cpu.o 
 running test:
	 ./__orio_perftest3.exe  
(run 3) | 2022-11-30 05:24:03.791831 | {"run": 3, "coordinate": [28], "perf_params": {"UF": 29}, "transform_time": 0.0953519344329834, "compile_time": 0.08362770080566406, "cost": [5.991e-06, 5.074e-06, 4.932e-06, 4.943e-06, 4.927e-06, 4.957e-06, 4.899e-06, 4.891e-06, 4.898e-06, 4.936e-06]}
.
 building test:
	gcc -O0  -DORIO_REPS=10 -o __orio_perftest4.exe __orio_perftest4.c timer_cpu.o 
 running test:
	 ./__orio_perftest4.exe  
(run 4) | 2022-11-30 05:24:03.956435 | {"run": 4, "coordinate": [22], "perf_params": {"UF": 23}, "transform_time": 0.08504056930541992, "compile_time": 0.07624268531799316, "cost": [5.663e-06, 5e-06, 4.861e-06, 4.794e-06, 4.813e-06, 4.768e-06, 4.781e-06, 4.822e-06, 4.786e-06, 4.75e-06]}
.
 building test:
	gcc -O0  -DORIO_REPS=10 -o __orio_perftest5.exe __orio_perftest5.c timer_cpu.o 
 running test:
	 ./__orio_perftest5.exe  
(run 5) | 2022-11-30 05:24:04.117399 | {"run": 5, "coordinate": [16], "perf_params": {"UF": 17}, "transform_time": 0.08420944213867188, "compile_time": 0.073760986328125, "cost": [5.577e-06, 4.69e-06, 4.494e-06, 4.458e-06, 4.446e-06, 4.427e-06, 4.461e-06, 4.44e-06, 4.44e-06, 4.453e-06]}
.
 building test:
	gcc -O0  -DORIO_REPS=10 -o __orio_perftest6.exe __orio_perftest6.c timer_cpu.o 
 running test:
	 ./__orio_perftest6.exe  
(run 6) | 2022-11-30 05:24:04.251214 | {"run": 6, "coordinate": [4], "perf_params": {"UF": 5}, "transform_time": 0.06682133674621582, "compile_time": 0.06387042999267578, "cost": [4.83e-06, 4.234e-06, 4.066e-06, 4.048e-06, 4.03e-06, 4.009e-06, 4.053e-06, 4.046e-06, 4.049e-06, 4.036e-06]}
>>>> best coordinate found: [4], cost: 4.140100e-06
.
 building test:
	gcc -O0  -DORIO_REPS=10 -o __orio_perftest7.exe __orio_perftest7.c timer_cpu.o 
 running test:
	 ./__orio_perftest7.exe  
(run 7) | 2022-11-30 05:24:04.404116 | {"run": 7, "coordinate": [17], "perf_params": {"UF": 18}, "transform_time": 0.07839703559875488, "compile_time": 0.0698997974395752, "cost": [7.124e-06, 4.773e-06, 4.494e-06, 4.534e-06, 4.565e-06, 4.55e-06, 4.497e-06, 4.468e-06, 4.561e-06, 4.499e-06]}
.
 building test:
	gcc -O0  -DORIO_REPS=10 -o __orio_perftest8.exe __orio_perftest8.c timer_cpu.o 
 running test:
	 ./__orio_perftest8.exe  
(run 8) | 2022-11-30 05:24:04.566108 | {"run": 8, "coordinate": [8], "perf_params": {"UF": 9}, "transform_time": 0.08610272407531738, "compile_time": 0.07236218452453613, "cost": [5.035e-06, 4.404e-06, 4.125e-06, 4.151e-06, 4.109e-06, 4.104e-06, 4.232e-06, 4.106e-06, 4.137e-06, 4.154e-06]}
.
 building test:
	gcc -O0  -DORIO_REPS=10 -o __orio_perftest9.exe __orio_perftest9.c timer_cpu.o 
 running test:
	 ./__orio_perftest9.exe  
(run 9) | 2022-11-30 05:24:04.702183 | {"run": 9, "coordinate": [1], "perf_params": {"UF": 2}, "transform_time": 0.06309080123901367, "compile_time": 0.06935977935791016, "cost": [4.56e-06, 6.551e-06, 3.982e-06, 3.964e-06, 3.951e-06, 3.956e-06, 3.967e-06, 3.952e-06, 3.958e-06, 3.939e-06]}
.
 building test:
	gcc -O0  -DORIO_REPS=10 -o __orio_perftest10.exe __orio_perftest10.c timer_cpu.o 
 running test:
	 ./__orio_perftest10.exe  
(run 10) | 2022-11-30 05:24:04.884728 | {"run": 10, "coordinate": [30], "perf_params": {"UF": 31}, "transform_time": 0.0967264175415039, "compile_time": 0.08276963233947754, "cost": [8.152e-06, 5.121e-06, 4.952e-06, 4.922e-06, 4.939e-06, 4.916e-06, 4.939e-06, 4.92e-06, 4.953e-06, 4.933e-06]}
.
 building test:
	gcc -O0  -DORIO_REPS=10 -o __orio_perftest11.exe __orio_perftest11.c timer_cpu.o 
 running test:
	 ./__orio_perftest11.exe  
(run 11) | 2022-11-30 05:24:05.056555 | {"run": 11, "coordinate": [24], "perf_params": {"UF": 25}, "transform_time": 0.08994746208190918, "compile_time": 0.07865428924560547, "cost": [6.24e-06, 4.992e-06, 4.89e-06, 4.863e-06, 4.811e-06, 4.82e-06, 4.834e-06, 4.799e-06, 4.803e-06, 4.796e-06]}
.
 building test:
	gcc -O0  -DORIO_REPS=10 -o __orio_perftest12.exe __orio_perftest12.c timer_cpu.o 
 running test:
	 ./__orio_perftest12.exe  
(run 12) | 2022-11-30 05:24:05.211023 | {"run": 12, "coordinate": [14], "perf_params": {"UF": 15}, "transform_time": 0.07617020606994629, "compile_time": 0.07513904571533203, "cost": [5.584e-06, 5.25e-06, 4.474e-06, 4.424e-06, 4.347e-06, 4.326e-06, 4.341e-06, 4.346e-06, 4.379e-06, 4.392e-06]}
.
 building test:
	gcc -O0  -DORIO_REPS=10 -o __orio_perftest13.exe __orio_perftest13.c timer_cpu.o 
 running test:
	 ./__orio_perftest13.exe  
(run 13) | 2022-11-30 05:24:05.409430 | {"run": 13, "coordinate": [31], "perf_params": {"UF": 32}, "transform_time": 0.11327028274536133, "compile_time": 0.08231234550476074, "cost": [6.323e-06, 5.188e-06, 5.002e-06, 4.951e-06, 4.942e-06, 4.939e-06, 4.975e-06, 4.984e-06, 4.981e-06, 4.97e-06]}
.
 building test:
	gcc -O0  -DORIO_REPS=10 -o __orio_perftest14.exe __orio_perftest14.c timer_cpu.o 
 running test:
	 ./__orio_perftest14.exe  
(run 14) | 2022-11-30 05:24:05.555275 | {"run": 14, "coordinate": [11], "perf_params": {"UF": 12}, "transform_time": 0.06898641586303711, "compile_time": 0.07374787330627441, "cost": [5.131e-06, 4.466e-06, 4.274e-06, 4.218e-06, 4.239e-06, 4.242e-06, 4.246e-06, 4.212e-06, 4.229e-06, 4.236e-06]}
.
 building test:
	gcc -O0  -DORIO_REPS=10 -o __orio_perftest15.exe __orio_perftest15.c timer_cpu.o 
 running test:
	 ./__orio_perftest15.exe  
(run 15) | 2022-11-30 05:24:05.723909 | {"run": 15, "coordinate": [26], "perf_params": {"UF": 27}, "transform_time": 0.08529400825500488, "compile_time": 0.08009839057922363, "cost": [6.362e-06, 5.074e-06, 4.938e-06, 4.885e-06, 4.862e-06, 4.884e-06, 4.834e-06, 4.862e-06, 4.896e-06, 4.875e-06]}
.
 building test:
	gcc -O0  -DORIO_REPS=10 -o __orio_perftest16.exe __orio_perftest16.c timer_cpu.o 
 running test:
	 ./__orio_perftest16.exe  
(run 16) | 2022-11-30 05:24:05.901666 | {"run": 16, "coordinate": [29], "perf_params": {"UF": 30}, "transform_time": 0.09729933738708496, "compile_time": 0.07738137245178223, "cost": [7.458e-06, 5.262e-06, 4.983e-06, 4.986e-06, 4.994e-06, 4.975e-06, 4.929e-06, 4.946e-06, 5.034e-06, 4.979e-06]}
.
 building test:
	gcc -O0  -DORIO_REPS=10 -o __orio_perftest17.exe __orio_perftest17.c timer_cpu.o 
 running test:
	 ./__orio_perftest17.exe  
(run 17) | 2022-11-30 05:24:06.056897 | {"run": 17, "coordinate": [13], "perf_params": {"UF": 14}, "transform_time": 0.0784759521484375, "compile_time": 0.07382917404174805, "cost": [5.524e-06, 4.541e-06, 4.304e-06, 4.327e-06, 4.291e-06, 4.281e-06, 4.335e-06, 4.213e-06, 4.283e-06, 4.289e-06]}
.
 building test:
	gcc -O0  -DORIO_REPS=10 -o __orio_perftest18.exe __orio_perftest18.c timer_cpu.o 
 running test:
	 ./__orio_perftest18.exe  
(run 18) | 2022-11-30 05:24:06.239402 | {"run": 18, "coordinate": [20], "perf_params": {"UF": 21}, "transform_time": 0.1031651496887207, "compile_time": 0.0763709545135498, "cost": [5.714e-06, 4.884e-06, 7.69e-06, 4.758e-06, 4.707e-06, 4.655e-06, 4.676e-06, 8.237e-05, 4.754e-06, 4.712e-06]}
.
 building test:
	gcc -O0  -DORIO_REPS=10 -o __orio_perftest19.exe __orio_perftest19.c timer_cpu.o 
 running test:
	 ./__orio_perftest19.exe  
(run 19) | 2022-11-30 05:24:06.395716 | {"run": 19, "coordinate": [18], "perf_params": {"UF": 19}, "transform_time": 0.07823634147644043, "compile_time": 0.07426595687866211, "cost": [5.476e-06, 4.811e-06, 4.656e-06, 4.63e-06, 4.593e-06, 4.587e-06, 4.599e-06, 4.548e-06, 4.581e-06, 4.557e-06]}
.
 building test:
	gcc -O0  -DORIO_REPS=10 -o __orio_perftest20.exe __orio_perftest20.c timer_cpu.o 
 running test:
	 ./__orio_perftest20.exe  
(run 20) | 2022-11-30 05:24:06.568339 | {"run": 20, "coordinate": [27], "perf_params": {"UF": 28}, "transform_time": 0.0954141616821289, "compile_time": 0.07374215126037598, "cost": [6.287e-06, 5.006e-06, 4.948e-06, 4.896e-06, 4.881e-06, 4.848e-06, 4.909e-06, 4.892e-06, 4.867e-06, 4.846e-06]}
Best performance = 4.1400999999999995e-06
Best coordinate = [4]
----- end random search -----
----- begin random search summary -----
 total completed runs: 20
 total successful runs: 20
 total failed runs: 0
 speedup: 1.0230670756745006
 found at: 6
----- end random search summary -----
----- begin summary -----
 best coordinate: [4]={'UF': 5}, cost=4.140100e-06, transfer_time=inf, inputs=[('N', 1000)], search_space=3.200e+01, search_time=3.34, runs=20
----- end summary -----

----- begin random search -----
Size of search space: 21
Unevaluated coordinates: 21
Unevaluated parameters: 21
.
 building test:
	gcc -O0  -DORIO_REPS=10 -o __orio_perftest21.exe __orio_perftest21.c timer_cpu.o 
 running test:
	 ./__orio_perftest21.exe  
(run 1) | 2022-11-30 05:24:07.480169 | {"run": 1, "coordinate": [0], "perf_params": {"UF": 1}, "transform_time": 0.061621904373168945, "compile_time": 0.07019829750061035, "cost": [0.0504185, 0.0525784, 0.0500431, 0.0455015, 0.0470127, 0.0545867, 0.0528814, 0.0491868, 0.0470393, 0.0443215]}
>>>> best coordinate found: [0], cost: 4.935699e-02
.
 building test:
	gcc -O0  -DORIO_REPS=10 -o __orio_perftest22.exe __orio_perftest22.c timer_cpu.o 
 running test:
	 ./__orio_perftest22.exe  
(run 2) | 2022-11-30 05:24:08.347321 | {"run": 2, "coordinate": [6], "perf_params": {"UF": 7}, "transform_time": 0.07021522521972656, "compile_time": 0.06521487236022949, "cost": [0.0492164, 0.0522815, 0.0467292, 0.052457, 0.0613672, 0.0522376, 0.0491192, 0.0486163, 0.049298, 0.0549291]}
.
 building test:
	gcc -O0  -DORIO_REPS=10 -o __orio_perftest23.exe __orio_perftest23.c timer_cpu.o 
 running test:
	 ./__orio_perftest23.exe  
(run 3) | 2022-11-30 05:24:09.363598 | {"run": 3, "coordinate": [28], "perf_params": {"UF": 29}, "transform_time": 0.11683154106140137, "compile_time": 0.08104896545410156, "cost": [0.0643807, 0.0643414, 0.0624589, 0.0662821, 0.0659812, 0.0578694, 0.055906, 0.0547235, 0.0573176, 0.0526697]}
.
 building test:
	gcc -O0  -DORIO_REPS=10 -o __orio_perftest24.exe __orio_perftest24.c timer_cpu.o 
 running test:
	 ./__orio_perftest24.exe  
(run 4) | 2022-11-30 05:24:10.307824 | {"run": 4, "coordinate": [22], "perf_params": {"UF": 23}, "transform_time": 0.08578324317932129, "compile_time": 0.07775568962097168, "cost": [0.0689215, 0.0592002, 0.0571479, 0.0587222, 0.0575318, 0.055212, 0.0499196, 0.0503316, 0.0548782, 0.0542276]}
.
 building test:
	gcc -O0  -DORIO_REPS=10 -o __orio_perftest25.exe __orio_perftest25.c timer_cpu.o 
 running test:
	 ./__orio_perftest25.exe  
(run 5) | 2022-11-30 05:24:11.199930 | {"run": 5, "coordinate": [16], "perf_params": {"UF": 17}, "transform_time": 0.08172488212585449, "compile_time": 0.07460927963256836, "cost": [0.0581144, 0.059968, 0.0537804, 0.0575269, 0.0514447, 0.0478918, 0.0503172, 0.0507182, 0.0476794, 0.0469624]}
.
 building test:
	gcc -O0  -DORIO_REPS=10 -o __orio_perftest26.exe __orio_perftest26.c timer_cpu.o 
 running test:
	 ./__orio_perftest26.exe  
(run 6) | 2022-11-30 05:24:12.071548 | {"run": 6, "coordinate": [4], "perf_params": {"UF": 5}, "transform_time": 0.07676339149475098, "compile_time": 0.06766366958618164, "cost": [0.0541466, 0.0521683, 0.0515669, 0.0530738, 0.0539886, 0.0492055, 0.0466276, 0.0467538, 0.0462685, 0.0531385]}
.
 building test:
	gcc -O0  -DORIO_REPS=10 -o __orio_perftest27.exe __orio_perftest27.c timer_cpu.o 
 running test:
	 ./__orio_perftest27.exe  
(run 7) | 2022-11-30 05:24:12.914623 | {"run": 7, "coordinate": [17], "perf_params": {"UF": 18}, "transform_time": 0.08081221580505371, "compile_time": 0.0701744556427002, "cost": [0.0483878, 0.0445107, 0.051891, 0.04946, 0.0456108, 0.0437936, 0.0464252, 0.0531378, 0.0472697, 0.0507753]}
>>>> best coordinate found: [17], cost: 4.812619e-02
.
 building test:
	gcc -O0  -DORIO_REPS=10 -o __orio_perftest28.exe __orio_perftest28.c timer_cpu.o 
 running test:
	 ./__orio_perftest28.exe  
(run 8) | 2022-11-30 05:24:13.728086 | {"run": 8, "coordinate": [8], "perf_params": {"UF": 9}, "transform_time": 0.0706334114074707, "compile_time": 0.06897401809692383, "cost": [0.0603004, 0.0489733, 0.0446385, 0.0432544, 0.0436111, 0.0437005, 0.0467991, 0.0424072, 0.0457249, 0.0501461]}
>>>> best coordinate found: [8], cost: 4.695555e-02
.
 building test:
	gcc -O0  -DORIO_REPS=10 -o __orio_perftest29.exe __orio_perftest29.c timer_cpu.o 
 running test:
	 ./__orio_perftest29.exe  
(run 9) | 2022-11-30 05:24:14.579614 | {"run": 9, "coordinate": [1], "perf_params": {"UF": 2}, "transform_time": 0.0985565185546875, "compile_time": 0.06415486335754395, "cost": [0.0453769, 0.0489037, 0.0489664, 0.0434092, 0.0467608, 0.0428845, 0.0421705, 0.0449497, 0.0508028, 0.0568696]}
.
 building test:
	gcc -O0  -DORIO_REPS=10 -o __orio_perftest30.exe __orio_perftest30.c timer_cpu.o 
 running test:
	 ./__orio_perftest30.exe  
(run 10) | 2022-11-30 05:24:15.524790 | {"run": 10, "coordinate": [30], "perf_params": {"UF": 31}, "transform_time": 0.09234309196472168, "compile_time": 0.08014249801635742, "cost": [0.0559818, 0.0652615, 0.0542977, 0.0535911, 0.0557241, 0.0609412, 0.0598999, 0.0532272, 0.0511135, 0.0501189]}
.
 building test:
	gcc -O0  -DORIO_REPS=10 -o __orio_perftest31.exe __orio_perftest31.c timer_cpu.o 
 running test:
	 ./__orio_perftest31.exe  
(run 11) | 2022-11-30 05:24:16.425071 | {"run": 11, "coordinate": [24], "perf_params": {"UF": 25}, "transform_time": 0.08704233169555664, "compile_time": 0.0739140510559082, "cost": [0.055367, 0.0507324, 0.0515057, 0.0583626, 0.0521267, 0.0525081, 0.0495273, 0.0512098, 0.057334, 0.0505779]}
.
 building test:
	gcc -O0  -DORIO_REPS=10 -o __orio_perftest32.exe __orio_perftest32.c timer_cpu.o 
 running test:
	 ./__orio_perftest32.exe  
(run 12) | 2022-11-30 05:24:17.273294 | {"run": 12, "coordinate": [14], "perf_params": {"UF": 15}, "transform_time": 0.07610583305358887, "compile_time": 0.06965923309326172, "cost": [0.0532149, 0.049448, 0.0524195, 0.0473796, 0.0464879, 0.0551753, 0.0503223, 0.0482235, 0.0459871, 0.0439128]}
.
 building test:
	gcc -O0  -DORIO_REPS=10 -o __orio_perftest33.exe __orio_perftest33.c timer_cpu.o 
 running test:
	 ./__orio_perftest33.exe  
(run 13) | 2022-11-30 05:24:18.207876 | {"run": 13, "coordinate": [31], "perf_params": {"UF": 32}, "transform_time": 0.09630584716796875, "compile_time": 0.08136224746704102, "cost": [0.0593048, 0.0633767, 0.0560119, 0.057839, 0.0549028, 0.0512125, 0.0520732, 0.0526984, 0.0496432, 0.0499422]}
.
 building test:
	gcc -O0  -DORIO_REPS=10 -o __orio_perftest34.exe __orio_perftest34.c timer_cpu.o 
 running test:
	 ./__orio_perftest34.exe  
(run 14) | 2022-11-30 05:24:19.053638 | {"run": 14, "coordinate": [11], "perf_params": {"UF": 12}, "transform_time": 0.09519314765930176, "compile_time": 0.06945109367370605, "cost": [0.0524663, 0.0489603, 0.0457418, 0.0515524, 0.0502631, 0.045239, 0.0445307, 0.0440509, 0.0440161, 0.0442024]}
.
 building test:
	gcc -O0  -DORIO_REPS=10 -o __orio_perftest35.exe __orio_perftest35.c timer_cpu.o 
 running test:
	 ./__orio_perftest35.exe  
(run 15) | 2022-11-30 05:24:19.984122 | {"run": 15, "coordinate": [26], "perf_params": {"UF": 27}, "transform_time": 0.09037065505981445, "compile_time": 0.07597684860229492, "cost": [0.0588895, 0.0527409, 0.0557596, 0.0581565, 0.0529615, 0.0529162, 0.0581885, 0.0542906, 0.0512802, 0.050889]}
.
 building test:
	gcc -O0  -DORIO_REPS=10 -o __orio_perftest36.exe __orio_perftest36.c timer_cpu.o 
 running test:
	 ./__orio_perftest36.exe  
(run 16) | 2022-11-30 05:24:20.947417 | {"run": 16, "coordinate": [29], "perf_params": {"UF": 30}, "transform_time": 0.09429407119750977, "compile_time": 0.07686710357666016, "cost": [0.0629162, 0.0581351, 0.0605651, 0.0566301, 0.0552274, 0.0521029, 0.0523463, 0.0635698, 0.0618737, 0.0632718]}
.
 building test:
	gcc -O0  -DORIO_REPS=10 -o __orio_perftest37.exe __orio_perftest37.c timer_cpu.o 
 running test:
	 ./__orio_perftest37.exe  
(run 17) | 2022-11-30 05:24:21.837750 | {"run": 17, "coordinate": [13], "perf_params": {"UF": 14}, "transform_time": 0.08373093605041504, "compile_time": 0.07596421241760254, "cost": [0.0558418, 0.0522175, 0.0494258, 0.0456725, 0.0457021, 0.0517766, 0.0498766, 0.0550535, 0.0582855, 0.0530263]}
.
 building test:
	gcc -O0  -DORIO_REPS=10 -o __orio_perftest38.exe __orio_perftest38.c timer_cpu.o 
 running test:
	 ./__orio_perftest38.exe  
(run 18) | 2022-11-30 05:24:22.801776 | {"run": 18, "coordinate": [20], "perf_params": {"UF": 21}, "transform_time": 0.09535813331604004, "compile_time": 0.08072090148925781, "cost": [0.0567439, 0.0580798, 0.0594528, 0.0644196, 0.0576722, 0.0583118, 0.0564671, 0.0547883, 0.0511088, 0.0546603]}
.
 building test:
	gcc -O0  -DORIO_REPS=10 -o __orio_perftest39.exe __orio_perftest39.c timer_cpu.o 
 running test:
	 ./__orio_perftest39.exe  
(run 19) | 2022-11-30 05:24:23.965285 | {"run": 19, "coordinate": [18], "perf_params": {"UF": 19}, "transform_time": 0.10547685623168945, "compile_time": 0.1026620864868164, "cost": [0.0600202, 0.0735299, 0.0690711, 0.0678062, 0.087815, 0.0805168, 0.0681618, 0.0740518, 0.0673266, 0.0579211]}
.
 building test:
	gcc -O0  -DORIO_REPS=10 -o __orio_perftest40.exe __orio_perftest40.c timer_cpu.o 
 running test:
	 ./__orio_perftest40.exe  
(run 20) | 2022-11-30 05:24:25.013358 | {"run": 20, "coordinate": [27], "perf_params": {"UF": 28}, "transform_time": 0.10760974884033203, "compile_time": 0.08312177658081055, "cost": [0.0638222, 0.0624194, 0.055078, 0.0598337, 0.0594954, 0.0577876, 0.0677095, 0.065313, 0.0731141, 0.0658588]}
Best performance = 0.04695555
Best coordinate = [8]
----- end random search -----
----- begin random search summary -----
 total completed runs: 20
 total successful runs: 20
 total failed runs: 0
 speedup: 1.0511428361503594
 found at: 8
----- end random search summary -----
----- begin summary -----
 best coordinate: [8]={'UF': 9}, cost=4.695555e-02, transfer_time=inf, inputs=[('N', 10000000)], search_space=3.200e+01, search_time=18.38, runs=20
----- end summary -----
----- finish optimizations -----

----- begin writing the output file(s) -----
--> writing output to: _tables_orio.c
----- finished writing the output file(s) -----

====== END ORIO: kali2022-11-30_05:24:25 [output: _tables_orio.c, log: tuning_tables_orio.c_35867.log] ======
