
====== START ORIO: kali2022-11-30_05:34:09 ======

----- begin reading the source file: tables_orio.c -----
----- finished reading the source file -----

----- begin parsing annotations -----
----- finished parsing annotations -----

----- begin optimizations -----
Search_Space           = 3.200e+01
Number_of_Parameters   = 01
Numeric_Parameters     = 01
Binary_Parameters      = 00
Categorical_Parameters = 00
['UF']
[[1, 2, 3, 4, 5, 6, 7, 8, 9, 10, 11, 12, 13, 14, 15, 16, 17, 18, 19, 20, 21, 22, 23, 24, 25, 26, 27, 28, 29, 30, 31, 32]]

----- begin simplex search -----

(run 1) initial simplex: [[0], [31]]
.
 building the original code:
	gcc -O0  -DORIO_REPS=10 -DORIGINAL -o __orio_perftest_original.exe __orio_perftest1.c timer_cpu.o 
 building test:
	gcc -O0  -DORIO_REPS=10 -o __orio_perftest1.exe __orio_perftest1.c timer_cpu.o 
 running test:
	 ./__orio_perftest1.exe  
.
 building test:
	gcc -O0  -DORIO_REPS=10 -o __orio_perftest2.exe __orio_perftest2.c timer_cpu.o 
 running test:
	 ./__orio_perftest2.exe  
-> simplex: [[0], [31]]
.
 building test:
	gcc -O0  -DORIO_REPS=10 -o __orio_perftest3.exe __orio_perftest3.c timer_cpu.o 
 running test:
	 ./__orio_perftest3.exe  
--> inner contraction to [19]
-> simplex: [[0], [19]]
.
 building test:
	gcc -O0  -DORIO_REPS=10 -o __orio_perftest4.exe __orio_perftest4.c timer_cpu.o 
 running test:
	 ./__orio_perftest4.exe  
--> inner contraction to [11]
-> simplex: [[11], [0]]
.
 building test:
	gcc -O0  -DORIO_REPS=10 -o __orio_perftest5.exe __orio_perftest5.c timer_cpu.o 
 running test:
	 ./__orio_perftest5.exe  
.
 building test:
	gcc -O0  -DORIO_REPS=10 -o __orio_perftest6.exe __orio_perftest6.c timer_cpu.o 
 running test:
	 ./__orio_perftest6.exe  
--> inner contraction to [4]
-> simplex: [[4], [11]]
.
 building test:
	gcc -O0  -DORIO_REPS=10 -o __orio_perftest7.exe __orio_perftest7.c timer_cpu.o 
 running test:
	 ./__orio_perftest7.exe  
--> inner contraction to [8]
-> simplex: [[8], [4]]
.
 building test:
	gcc -O0  -DORIO_REPS=10 -o __orio_perftest8.exe __orio_perftest8.c timer_cpu.o 
 running test:
	 ./__orio_perftest8.exe  
.
 building test:
	gcc -O0  -DORIO_REPS=10 -o __orio_perftest9.exe __orio_perftest9.c timer_cpu.o 
 running test:
	 ./__orio_perftest9.exe  
.
 building test:
	gcc -O0  -DORIO_REPS=10 -o __orio_perftest10.exe __orio_perftest10.c timer_cpu.o 
 running test:
	 ./__orio_perftest10.exe  
--> shrinkage on [8]
-> simplex: [[8], [5]]
.
 building test:
	gcc -O0  -DORIO_REPS=10 -o __orio_perftest11.exe __orio_perftest11.c timer_cpu.o 
 running test:
	 ./__orio_perftest11.exe  
--> inner contraction to [6]
-> simplex: [[8], [6]]
.
 building test:
	gcc -O0  -DORIO_REPS=10 -o __orio_perftest12.exe __orio_perftest12.c timer_cpu.o 
 running test:
	 ./__orio_perftest12.exe  
--> inner contraction to [7]
-> simplex: [[7], [8]]
--> shrinkage on [7]
-> simplex: [[7], [8]]
-> converged with simplex: [[7], [8]]
-> best simplex coordinate: [7], cost: 4.081111e-06
.
 building test:
	gcc -O0  -DORIO_REPS=10 -o __orio_perftest13.exe __orio_perftest13.c timer_cpu.o 
 running test:
	 ./__orio_perftest13.exe  
.
 building test:
	gcc -O0  -DORIO_REPS=10 -o __orio_perftest14.exe __orio_perftest14.c timer_cpu.o 
 running test:
	 ./__orio_perftest14.exe  
>>>> best coordinate found: [7], cost: 4.081111e-06

(run 2) initial simplex: [[21], [29]]
.
 building test:
	gcc -O0  -DORIO_REPS=10 -o __orio_perftest15.exe __orio_perftest15.c timer_cpu.o 
 running test:
	 ./__orio_perftest15.exe  
.
 building test:
	gcc -O0  -DORIO_REPS=10 -o __orio_perftest16.exe __orio_perftest16.c timer_cpu.o 
 running test:
	 ./__orio_perftest16.exe  
-> simplex: [[21], [29]]
--> reflection to [9]
-> simplex: [[9], [21]]
.
 building test:
	gcc -O0  -DORIO_REPS=10 -o __orio_perftest17.exe __orio_perftest17.c timer_cpu.o 
 running test:
	 ./__orio_perftest17.exe  
--> inner contraction to [16]
-> simplex: [[9], [16]]
.
 building test:
	gcc -O0  -DORIO_REPS=10 -o __orio_perftest18.exe __orio_perftest18.c timer_cpu.o 
 running test:
	 ./__orio_perftest18.exe  
--> inner contraction to [13]
-> simplex: [[9], [13]]
.
 building test:
	gcc -O0  -DORIO_REPS=10 -o __orio_perftest19.exe __orio_perftest19.c timer_cpu.o 
 running test:
	 ./__orio_perftest19.exe  
--> reflection to [3]
-> simplex: [[3], [9]]
--> inner contraction to [7]
-> simplex: [[7], [3]]
--> shrinkage on [7]
-> simplex: [[7], [4]]
--> shrinkage on [7]
-> simplex: [[7], [5]]
--> outer contraction to [9]
-> simplex: [[7], [9]]
--> shrinkage on [7]
-> simplex: [[7], [8]]
--> shrinkage on [7]
-> simplex: [[7], [8]]
-> converged with simplex: [[7], [8]]
-> best simplex coordinate: [7], cost: 4.081111e-06

(run 3) initial simplex: [[6], [14]]
-> simplex: [[6], [14]]
--> inner contraction to [11]
-> simplex: [[6], [11]]
--> inner contraction to [9]
-> simplex: [[6], [9]]
.
 building test:
	gcc -O0  -DORIO_REPS=10 -o __orio_perftest20.exe __orio_perftest20.c timer_cpu.o 
 running test:
	 ./__orio_perftest20.exe  
--> reflection to [2]
-> simplex: [[2], [6]]
--> inner contraction to [4]
-> simplex: [[2], [4]]
--> inner contraction to [3]
-> simplex: [[2], [3]]
--> shrinkage on [2]
-> simplex: [[2], [3]]
-> converged with simplex: [[2], [3]]
-> best simplex coordinate: [2], cost: 4.059444e-06
.
 building test:
	gcc -O0  -DORIO_REPS=10 -o __orio_perftest21.exe __orio_perftest21.c timer_cpu.o 
 running test:
	 ./__orio_perftest21.exe  
>>>> best coordinate found: [2], cost: 4.059444e-06

(run 4) initial simplex: [[14], [16]]
-> simplex: [[14], [16]]
--> expansion to [6]
-> simplex: [[6], [14]]
--> inner contraction to [11]
-> simplex: [[6], [11]]
--> inner contraction to [9]
-> simplex: [[6], [9]]
--> reflection to [2]
-> simplex: [[2], [6]]
--> inner contraction to [4]
-> simplex: [[2], [4]]
--> inner contraction to [3]
-> simplex: [[2], [3]]
--> shrinkage on [2]
-> simplex: [[2], [3]]
-> converged with simplex: [[2], [3]]
-> best simplex coordinate: [2], cost: 4.059444e-06

(run 5) initial simplex: [[25], [26]]
.
 building test:
	gcc -O0  -DORIO_REPS=10 -o __orio_perftest22.exe __orio_perftest22.c timer_cpu.o 
 running test:
	 ./__orio_perftest22.exe  
.
 building test:
	gcc -O0  -DORIO_REPS=10 -o __orio_perftest23.exe __orio_perftest23.c timer_cpu.o 
 running test:
	 ./__orio_perftest23.exe  
-> simplex: [[26], [25]]
.
 building test:
	gcc -O0  -DORIO_REPS=10 -o __orio_perftest24.exe __orio_perftest24.c timer_cpu.o 
 running test:
	 ./__orio_perftest24.exe  
--> shrinkage on [26]
-> simplex: [[26], [25]]
-> converged with simplex: [[26], [25]]
-> best simplex coordinate: [26], cost: 4.873000e-06
.
 building test:
	gcc -O0  -DORIO_REPS=10 -o __orio_perftest25.exe __orio_perftest25.c timer_cpu.o 
 running test:
	 ./__orio_perftest25.exe  
.
 building test:
	gcc -O0  -DORIO_REPS=10 -o __orio_perftest26.exe __orio_perftest26.c timer_cpu.o 
 running test:
	 ./__orio_perftest26.exe  
.
 building test:
	gcc -O0  -DORIO_REPS=10 -o __orio_perftest27.exe __orio_perftest27.c timer_cpu.o 
 running test:
	 ./__orio_perftest27.exe  

(run 6) initial simplex: [[12], [19]]
-> simplex: [[12], [19]]
--> reflection to [2]
-> simplex: [[2], [12]]
--> inner contraction to [8]
-> simplex: [[2], [8]]
--> shrinkage on [2]
-> simplex: [[2], [6]]
--> inner contraction to [4]
-> simplex: [[2], [4]]
--> inner contraction to [3]
-> simplex: [[2], [3]]
--> shrinkage on [2]
-> simplex: [[2], [3]]
-> converged with simplex: [[2], [3]]
-> best simplex coordinate: [2], cost: 4.059444e-06

(run 7) initial simplex: [[8], [16]]
-> simplex: [[8], [16]]
--> inner contraction to [13]
-> simplex: [[8], [13]]
--> outer contraction to [3]
-> simplex: [[8], [3]]
--> shrinkage on [8]
-> simplex: [[8], [4]]
--> shrinkage on [8]
-> simplex: [[8], [5]]
--> inner contraction to [6]
-> simplex: [[8], [6]]
--> inner contraction to [7]
-> simplex: [[7], [8]]
--> shrinkage on [7]
-> simplex: [[7], [8]]
-> converged with simplex: [[7], [8]]
-> best simplex coordinate: [7], cost: 4.081111e-06

(run 8) initial simplex: [[0], [22]]
-> simplex: [[0], [22]]
--> inner contraction to [13]
-> simplex: [[0], [13]]
--> inner contraction to [8]
-> simplex: [[8], [0]]
.
 building test:
	gcc -O0  -DORIO_REPS=10 -o __orio_perftest28.exe __orio_perftest28.c timer_cpu.o 
 running test:
	 ./__orio_perftest28.exe  
--> inner contraction to [3]
-> simplex: [[8], [3]]
--> shrinkage on [8]
-> simplex: [[8], [4]]
--> shrinkage on [8]
-> simplex: [[8], [5]]
--> inner contraction to [6]
-> simplex: [[8], [6]]
--> inner contraction to [7]
-> simplex: [[7], [8]]
--> shrinkage on [7]
-> simplex: [[7], [8]]
-> converged with simplex: [[7], [8]]
-> best simplex coordinate: [7], cost: 4.081111e-06

(run 9) initial simplex: [[12], [29]]
-> simplex: [[12], [29]]
--> inner contraction to [22]
-> simplex: [[12], [22]]
.
 building test:
	gcc -O0  -DORIO_REPS=10 -o __orio_perftest29.exe __orio_perftest29.c timer_cpu.o 
 running test:
	 ./__orio_perftest29.exe  
--> shrinkage on [12]
-> simplex: [[12], [19]]
--> reflection to [2]
-> simplex: [[2], [12]]
--> inner contraction to [8]
-> simplex: [[2], [8]]
--> shrinkage on [2]
-> simplex: [[2], [6]]
--> inner contraction to [4]
-> simplex: [[2], [4]]
--> inner contraction to [3]
-> simplex: [[2], [3]]
--> shrinkage on [2]
-> simplex: [[2], [3]]
-> converged with simplex: [[2], [3]]
-> best simplex coordinate: [2], cost: 4.059444e-06

(run 10) initial simplex: [[3], [18]]
-> simplex: [[3], [18]]
--> inner contraction to [12]
-> simplex: [[3], [12]]
--> inner contraction to [8]
-> simplex: [[8], [3]]
--> shrinkage on [8]
-> simplex: [[8], [4]]
--> shrinkage on [8]
-> simplex: [[8], [5]]
--> inner contraction to [6]
-> simplex: [[8], [6]]
--> inner contraction to [7]
-> simplex: [[7], [8]]
--> shrinkage on [7]
-> simplex: [[7], [8]]
-> converged with simplex: [[7], [8]]
-> best simplex coordinate: [7], cost: 4.081111e-06
simplex: total runs reached
----- end simplex search -----
----- begin summary -----
 best coordinate: [2]={'UF': 3}, cost=4.059444e-06, transfer_time=inf, inputs=[('N', 1000)], search_space=3.200e+01, search_time=4.71, runs=10
----- end summary -----

----- begin simplex search -----

(run 1) initial simplex: [[0], [31]]
.
 building test:
	gcc -O0  -DORIO_REPS=10 -o __orio_perftest30.exe __orio_perftest30.c timer_cpu.o 
 running test:
	 ./__orio_perftest30.exe  
.
 building test:
	gcc -O0  -DORIO_REPS=10 -o __orio_perftest31.exe __orio_perftest31.c timer_cpu.o 
 running test:
	 ./__orio_perftest31.exe  
-> simplex: [[0], [31]]
.
 building test:
	gcc -O0  -DORIO_REPS=10 -o __orio_perftest32.exe __orio_perftest32.c timer_cpu.o 
 running test:
	 ./__orio_perftest32.exe  
.
 building test:
	gcc -O0  -DORIO_REPS=10 -o __orio_perftest33.exe __orio_perftest33.c timer_cpu.o 
 running test:
	 ./__orio_perftest33.exe  
--> shrinkage on [0]
-> simplex: [[0], [22]]
.
 building test:
	gcc -O0  -DORIO_REPS=10 -o __orio_perftest34.exe __orio_perftest34.c timer_cpu.o 
 running test:
	 ./__orio_perftest34.exe  
--> inner contraction to [13]
-> simplex: [[0], [13]]
.
 building test:
	gcc -O0  -DORIO_REPS=10 -o __orio_perftest35.exe __orio_perftest35.c timer_cpu.o 
 running test:
	 ./__orio_perftest35.exe  
.
 building test:
	gcc -O0  -DORIO_REPS=10 -o __orio_perftest36.exe __orio_perftest36.c timer_cpu.o 
 running test:
	 ./__orio_perftest36.exe  
--> shrinkage on [0]
-> simplex: [[9], [0]]
.
 building test:
	gcc -O0  -DORIO_REPS=10 -o __orio_perftest37.exe __orio_perftest37.c timer_cpu.o 
 running test:
	 ./__orio_perftest37.exe  
.
 building test:
	gcc -O0  -DORIO_REPS=10 -o __orio_perftest38.exe __orio_perftest38.c timer_cpu.o 
 running test:
	 ./__orio_perftest38.exe  
.
 building test:
	gcc -O0  -DORIO_REPS=10 -o __orio_perftest39.exe __orio_perftest39.c timer_cpu.o 
 running test:
	 ./__orio_perftest39.exe  
--> shrinkage on [9]
-> simplex: [[9], [3]]
.
 building test:
	gcc -O0  -DORIO_REPS=10 -o __orio_perftest40.exe __orio_perftest40.c timer_cpu.o 
 running test:
	 ./__orio_perftest40.exe  
.
 building test:
	gcc -O0  -DORIO_REPS=10 -o __orio_perftest41.exe __orio_perftest41.c timer_cpu.o 
 running test:
	 ./__orio_perftest41.exe  
--> inner contraction to [5]
-> simplex: [[5], [9]]
.
 building test:
	gcc -O0  -DORIO_REPS=10 -o __orio_perftest42.exe __orio_perftest42.c timer_cpu.o 
 running test:
	 ./__orio_perftest42.exe  
--> shrinkage on [5]
-> simplex: [[5], [8]]
.
 building test:
	gcc -O0  -DORIO_REPS=10 -o __orio_perftest43.exe __orio_perftest43.c timer_cpu.o 
 running test:
	 ./__orio_perftest43.exe  
--> outer contraction to [3]
-> simplex: [[5], [3]]
--> shrinkage on [5]
-> simplex: [[5], [4]]
.
 building test:
	gcc -O0  -DORIO_REPS=10 -o __orio_perftest44.exe __orio_perftest44.c timer_cpu.o 
 running test:
	 ./__orio_perftest44.exe  
--> outer contraction to [6]
-> simplex: [[5], [6]]
--> shrinkage on [5]
-> simplex: [[5], [6]]
-> converged with simplex: [[5], [6]]
-> best simplex coordinate: [5], cost: 5.380660e-02
---> better neighbor found: [7], cost: 5.171350e-02
>>>> best coordinate found: [7], cost: 5.171350e-02

(run 2) initial simplex: [[18], [29]]
.
 building test:
	gcc -O0  -DORIO_REPS=10 -o __orio_perftest45.exe __orio_perftest45.c timer_cpu.o 
 running test:
	 ./__orio_perftest45.exe  
-> simplex: [[18], [29]]
.
 building test:
	gcc -O0  -DORIO_REPS=10 -o __orio_perftest46.exe __orio_perftest46.c timer_cpu.o 
 running test:
	 ./__orio_perftest46.exe  
--> reflection to [2]
-> simplex: [[2], [18]]
.
 building test:
	gcc -O0  -DORIO_REPS=10 -o __orio_perftest47.exe __orio_perftest47.c timer_cpu.o 
 running test:
	 ./__orio_perftest47.exe  
--> inner contraction to [12]
-> simplex: [[12], [2]]
.
 building test:
	gcc -O0  -DORIO_REPS=10 -o __orio_perftest48.exe __orio_perftest48.c timer_cpu.o 
 running test:
	 ./__orio_perftest48.exe  
--> reflection to [27]
-> simplex: [[27], [12]]
.
 building test:
	gcc -O0  -DORIO_REPS=10 -o __orio_perftest49.exe __orio_perftest49.c timer_cpu.o 
 running test:
	 ./__orio_perftest49.exe  
--> shrinkage on [27]
-> simplex: [[17], [27]]
.
 building test:
	gcc -O0  -DORIO_REPS=10 -o __orio_perftest50.exe __orio_perftest50.c timer_cpu.o 
 running test:
	 ./__orio_perftest50.exe  
--> shrinkage on [17]
-> simplex: [[17], [24]]
.
 building test:
	gcc -O0  -DORIO_REPS=10 -o __orio_perftest51.exe __orio_perftest51.c timer_cpu.o 
 running test:
	 ./__orio_perftest51.exe  
--> shrinkage on [17]
-> simplex: [[17], [22]]
--> shrinkage on [17]
-> simplex: [[17], [21]]
.
 building test:
	gcc -O0  -DORIO_REPS=10 -o __orio_perftest52.exe __orio_perftest52.c timer_cpu.o 
 running test:
	 ./__orio_perftest52.exe  
.
 building test:
	gcc -O0  -DORIO_REPS=10 -o __orio_perftest53.exe __orio_perftest53.c timer_cpu.o 
 running test:
	 ./__orio_perftest53.exe  
--> shrinkage on [17]
-> simplex: [[17], [20]]
--> shrinkage on [17]
-> simplex: [[17], [19]]
.
 building test:
	gcc -O0  -DORIO_REPS=10 -o __orio_perftest54.exe __orio_perftest54.c timer_cpu.o 
 running test:
	 ./__orio_perftest54.exe  
.
 building test:
	gcc -O0  -DORIO_REPS=10 -o __orio_perftest55.exe __orio_perftest55.c timer_cpu.o 
 running test:
	 ./__orio_perftest55.exe  
--> shrinkage on [17]
-> simplex: [[17], [18]]
.
 building test:
	gcc -O0  -DORIO_REPS=10 -o __orio_perftest56.exe __orio_perftest56.c timer_cpu.o 
 running test:
	 ./__orio_perftest56.exe  
--> outer contraction to [16]
-> simplex: [[17], [16]]
--> shrinkage on [17]
-> simplex: [[17], [16]]
-> converged with simplex: [[17], [16]]
-> best simplex coordinate: [17], cost: 4.914970e-02
>>>> best coordinate found: [17], cost: 4.914970e-02

(run 3) initial simplex: [[5], [26]]
.
 building test:
	gcc -O0  -DORIO_REPS=10 -o __orio_perftest57.exe __orio_perftest57.c timer_cpu.o 
 running test:
	 ./__orio_perftest57.exe  
-> simplex: [[5], [26]]
--> inner contraction to [18]
-> simplex: [[5], [18]]
--> inner contraction to [13]
-> simplex: [[5], [13]]
.
 building test:
	gcc -O0  -DORIO_REPS=10 -o __orio_perftest58.exe __orio_perftest58.c timer_cpu.o 
 running test:
	 ./__orio_perftest58.exe  
--> inner contraction to [10]
-> simplex: [[5], [10]]
--> shrinkage on [5]
-> simplex: [[5], [9]]
--> shrinkage on [5]
-> simplex: [[5], [8]]
--> outer contraction to [3]
-> simplex: [[5], [3]]
--> shrinkage on [5]
-> simplex: [[5], [4]]
--> outer contraction to [6]
-> simplex: [[5], [6]]
--> shrinkage on [5]
-> simplex: [[5], [6]]
-> converged with simplex: [[5], [6]]
-> best simplex coordinate: [5], cost: 5.380660e-02
---> better neighbor found: [7], cost: 5.171350e-02

(run 4) initial simplex: [[21], [30]]
.
 building test:
	gcc -O0  -DORIO_REPS=10 -o __orio_perftest59.exe __orio_perftest59.c timer_cpu.o 
 running test:
	 ./__orio_perftest59.exe  
-> simplex: [[21], [30]]
--> reflection to [7]
-> simplex: [[7], [21]]
--> inner contraction to [15]
-> simplex: [[15], [7]]
--> reflection to [27]
-> simplex: [[27], [15]]
--> inner contraction to [20]
-> simplex: [[27], [20]]
--> shrinkage on [27]
-> simplex: [[27], [22]]
--> inner contraction to [24]
-> simplex: [[27], [24]]
.
 building test:
	gcc -O0  -DORIO_REPS=10 -o __orio_perftest60.exe __orio_perftest60.c timer_cpu.o 
 running test:
	 ./__orio_perftest60.exe  
--> inner contraction to [25]
-> simplex: [[27], [25]]
--> shrinkage on [27]
-> simplex: [[27], [26]]
.
 building test:
	gcc -O0  -DORIO_REPS=10 -o __orio_perftest61.exe __orio_perftest61.c timer_cpu.o 
 running test:
	 ./__orio_perftest61.exe  
--> outer contraction to [28]
-> simplex: [[27], [28]]
--> shrinkage on [27]
-> simplex: [[27], [28]]
-> converged with simplex: [[27], [28]]
-> best simplex coordinate: [27], cost: 5.367001e-02

(run 5) initial simplex: [[14], [24]]
-> simplex: [[14], [24]]
--> inner contraction to [20]
-> simplex: [[14], [20]]
--> shrinkage on [14]
-> simplex: [[14], [18]]
--> inner contraction to [16]
-> simplex: [[14], [16]]
--> shrinkage on [14]
-> simplex: [[14], [15]]
--> shrinkage on [14]
-> simplex: [[14], [15]]
-> converged with simplex: [[14], [15]]
-> best simplex coordinate: [14], cost: 4.989219e-02

(run 6) initial simplex: [[11], [24]]
-> simplex: [[24], [11]]
--> inner contraction to [16]
-> simplex: [[16], [24]]
--> shrinkage on [16]
-> simplex: [[16], [22]]
--> shrinkage on [16]
-> simplex: [[16], [20]]
--> reflection to [10]
-> simplex: [[10], [16]]
--> inner contraction to [14]
-> simplex: [[14], [10]]
--> shrinkage on [14]
-> simplex: [[14], [11]]
--> outer contraction to [16]
-> simplex: [[14], [16]]
--> shrinkage on [14]
-> simplex: [[14], [15]]
--> shrinkage on [14]
-> simplex: [[14], [15]]
-> converged with simplex: [[14], [15]]
-> best simplex coordinate: [14], cost: 4.989219e-02

(run 7) initial simplex: [[6], [15]]
-> simplex: [[6], [15]]
--> shrinkage on [6]
-> simplex: [[6], [12]]
--> inner contraction to [10]
-> simplex: [[6], [10]]
--> shrinkage on [6]
-> simplex: [[9], [6]]
--> shrinkage on [9]
-> simplex: [[9], [7]]
--> shrinkage on [9]
-> simplex: [[9], [8]]
--> shrinkage on [9]
-> simplex: [[9], [8]]
-> converged with simplex: [[9], [8]]
-> best simplex coordinate: [9], cost: 5.386219e-02
---> better neighbor found: [7], cost: 5.171350e-02

(run 8) initial simplex: [[0], [10]]
-> simplex: [[10], [0]]
--> shrinkage on [10]
-> simplex: [[10], [3]]
--> outer contraction to [16]
-> simplex: [[10], [16]]
--> inner contraction to [14]
-> simplex: [[14], [10]]
--> shrinkage on [14]
-> simplex: [[14], [11]]
--> outer contraction to [16]
-> simplex: [[14], [16]]
--> shrinkage on [14]
-> simplex: [[14], [15]]
--> shrinkage on [14]
-> simplex: [[14], [15]]
-> converged with simplex: [[14], [15]]
-> best simplex coordinate: [14], cost: 4.989219e-02

(run 9) initial simplex: [[1], [15]]
-> simplex: [[15], [1]]
--> inner contraction to [7]
-> simplex: [[15], [7]]
--> reflection to [27]
-> simplex: [[27], [15]]
--> inner contraction to [20]
-> simplex: [[27], [20]]
--> shrinkage on [27]
-> simplex: [[27], [22]]
--> inner contraction to [24]
-> simplex: [[27], [24]]
--> inner contraction to [25]
-> simplex: [[27], [25]]
--> shrinkage on [27]
-> simplex: [[27], [26]]
--> outer contraction to [28]
-> simplex: [[27], [28]]
--> shrinkage on [27]
-> simplex: [[27], [28]]
-> converged with simplex: [[27], [28]]
-> best simplex coordinate: [27], cost: 5.367001e-02

(run 10) initial simplex: [[15], [21]]
-> simplex: [[15], [21]]
--> reflection to [6]
-> simplex: [[6], [15]]
--> shrinkage on [6]
-> simplex: [[6], [12]]
--> inner contraction to [10]
-> simplex: [[6], [10]]
--> shrinkage on [6]
-> simplex: [[9], [6]]
--> shrinkage on [9]
-> simplex: [[9], [7]]
--> shrinkage on [9]
-> simplex: [[9], [8]]
--> shrinkage on [9]
-> simplex: [[9], [8]]
-> converged with simplex: [[9], [8]]
-> best simplex coordinate: [9], cost: 5.386219e-02
---> better neighbor found: [7], cost: 5.171350e-02
simplex: total runs reached
----- end simplex search -----
----- begin summary -----
 best coordinate: [17]={'UF': 18}, cost=4.914970e-02, transfer_time=inf, inputs=[('N', 10000000)], search_space=3.200e+01, search_time=35.39, runs=10
----- end summary -----
----- finish optimizations -----

----- begin writing the output file(s) -----
--> writing output to: _tables_orio.c
----- finished writing the output file(s) -----

====== END ORIO: kali2022-11-30_05:34:49 [output: _tables_orio.c, log: tuning_tables_orio.c_38822.log] ======
